Apache Maven 3.5.0 (ff8f5e7444045639af65f6095c62210b5713f426; 2017-04-03T21:39:06+02:00)
Maven home: /home/anna/.sdkman/candidates/maven/current
Java version: 1.8.0_131, vendor: Azul Systems, Inc.
Java home: /home/anna/.sdkman/candidates/java/8u131-zulu/jre
Default locale: en_US, platform encoding: UTF-8
OS name: "linux", version: "4.8.0-58-generic", arch: "amd64", family: "unix"
[DEBUG] Created new class realm maven.api
[DEBUG] Importing foreign packages into class realm maven.api
[DEBUG]   Imported: javax.enterprise.inject.* < plexus.core
[DEBUG]   Imported: javax.enterprise.util.* < plexus.core
[DEBUG]   Imported: javax.inject.* < plexus.core
[DEBUG]   Imported: org.apache.maven.* < plexus.core
[DEBUG]   Imported: org.apache.maven.artifact < plexus.core
[DEBUG]   Imported: org.apache.maven.classrealm < plexus.core
[DEBUG]   Imported: org.apache.maven.cli < plexus.core
[DEBUG]   Imported: org.apache.maven.configuration < plexus.core
[DEBUG]   Imported: org.apache.maven.exception < plexus.core
[DEBUG]   Imported: org.apache.maven.execution < plexus.core
[DEBUG]   Imported: org.apache.maven.execution.scope < plexus.core
[DEBUG]   Imported: org.apache.maven.lifecycle < plexus.core
[DEBUG]   Imported: org.apache.maven.model < plexus.core
[DEBUG]   Imported: org.apache.maven.monitor < plexus.core
[DEBUG]   Imported: org.apache.maven.plugin < plexus.core
[DEBUG]   Imported: org.apache.maven.profiles < plexus.core
[DEBUG]   Imported: org.apache.maven.project < plexus.core
[DEBUG]   Imported: org.apache.maven.reporting < plexus.core
[DEBUG]   Imported: org.apache.maven.repository < plexus.core
[DEBUG]   Imported: org.apache.maven.rtinfo < plexus.core
[DEBUG]   Imported: org.apache.maven.settings < plexus.core
[DEBUG]   Imported: org.apache.maven.toolchain < plexus.core
[DEBUG]   Imported: org.apache.maven.usability < plexus.core
[DEBUG]   Imported: org.apache.maven.wagon.* < plexus.core
[DEBUG]   Imported: org.apache.maven.wagon.authentication < plexus.core
[DEBUG]   Imported: org.apache.maven.wagon.authorization < plexus.core
[DEBUG]   Imported: org.apache.maven.wagon.events < plexus.core
[DEBUG]   Imported: org.apache.maven.wagon.observers < plexus.core
[DEBUG]   Imported: org.apache.maven.wagon.proxy < plexus.core
[DEBUG]   Imported: org.apache.maven.wagon.repository < plexus.core
[DEBUG]   Imported: org.apache.maven.wagon.resource < plexus.core
[DEBUG]   Imported: org.codehaus.classworlds < plexus.core
[DEBUG]   Imported: org.codehaus.plexus.* < plexus.core
[DEBUG]   Imported: org.codehaus.plexus.classworlds < plexus.core
[DEBUG]   Imported: org.codehaus.plexus.component < plexus.core
[DEBUG]   Imported: org.codehaus.plexus.configuration < plexus.core
[DEBUG]   Imported: org.codehaus.plexus.container < plexus.core
[DEBUG]   Imported: org.codehaus.plexus.context < plexus.core
[DEBUG]   Imported: org.codehaus.plexus.lifecycle < plexus.core
[DEBUG]   Imported: org.codehaus.plexus.logging < plexus.core
[DEBUG]   Imported: org.codehaus.plexus.personality < plexus.core
[DEBUG]   Imported: org.codehaus.plexus.util.xml.Xpp3Dom < plexus.core
[DEBUG]   Imported: org.codehaus.plexus.util.xml.pull.XmlPullParser < plexus.core
[DEBUG]   Imported: org.codehaus.plexus.util.xml.pull.XmlPullParserException < plexus.core
[DEBUG]   Imported: org.codehaus.plexus.util.xml.pull.XmlSerializer < plexus.core
[DEBUG]   Imported: org.eclipse.aether.* < plexus.core
[DEBUG]   Imported: org.eclipse.aether.artifact < plexus.core
[DEBUG]   Imported: org.eclipse.aether.collection < plexus.core
[DEBUG]   Imported: org.eclipse.aether.deployment < plexus.core
[DEBUG]   Imported: org.eclipse.aether.graph < plexus.core
[DEBUG]   Imported: org.eclipse.aether.impl < plexus.core
[DEBUG]   Imported: org.eclipse.aether.installation < plexus.core
[DEBUG]   Imported: org.eclipse.aether.internal.impl < plexus.core
[DEBUG]   Imported: org.eclipse.aether.metadata < plexus.core
[DEBUG]   Imported: org.eclipse.aether.repository < plexus.core
[DEBUG]   Imported: org.eclipse.aether.resolution < plexus.core
[DEBUG]   Imported: org.eclipse.aether.spi < plexus.core
[DEBUG]   Imported: org.eclipse.aether.transfer < plexus.core
[DEBUG]   Imported: org.eclipse.aether.version < plexus.core
[DEBUG]   Imported: org.fusesource.jansi.* < plexus.core
[DEBUG]   Imported: org.slf4j.* < plexus.core
[DEBUG]   Imported: org.slf4j.helpers.* < plexus.core
[DEBUG]   Imported: org.slf4j.spi.* < plexus.core
[DEBUG] Populating class realm maven.api
[INFO] Error stacktraces are turned on.
[DEBUG] Message scheme: color
[DEBUG] Message styles: debug info warning error success failure strong mojo project
[DEBUG] Reading global settings from /home/anna/.sdkman/candidates/maven/current/conf/settings.xml
[DEBUG] Reading user settings from /home/anna/.m2/settings.xml
[DEBUG] Reading global toolchains from /home/anna/.sdkman/candidates/maven/current/conf/toolchains.xml
[DEBUG] Reading user toolchains from /home/anna/.m2/toolchains.xml
[DEBUG] Using local repository at /home/anna/.m2/repository
[DEBUG] Using manager EnhancedLocalRepositoryManager with priority 10.0 for /home/anna/.m2/repository
[INFO] Scanning for projects...
[DEBUG] Extension realms for project com.epam.academy:TicTacToe:jar:1.0: (none)
[DEBUG] Looking up lifecycle mappings for packaging jar from ClassRealm[plexus.core, parent: null]
[DEBUG] === REACTOR BUILD PLAN ================================================
[DEBUG] Project: com.epam.academy:TicTacToe:jar:1.0
[DEBUG] Tasks:   [test]
[DEBUG] Style:   Regular
[DEBUG] =======================================================================
[INFO] 
[INFO] ------------------------------------------------------------------------
[INFO] Building TicTacToe 1.0
[INFO] ------------------------------------------------------------------------
[DEBUG] Lifecycle default -> [validate, initialize, generate-sources, process-sources, generate-resources, process-resources, compile, process-classes, generate-test-sources, process-test-sources, generate-test-resources, process-test-resources, test-compile, process-test-classes, test, prepare-package, package, pre-integration-test, integration-test, post-integration-test, verify, install, deploy]
[DEBUG] Lifecycle clean -> [pre-clean, clean, post-clean]
[DEBUG] Lifecycle site -> [pre-site, site, post-site, site-deploy]
[DEBUG] Lifecycle default -> [validate, initialize, generate-sources, process-sources, generate-resources, process-resources, compile, process-classes, generate-test-sources, process-test-sources, generate-test-resources, process-test-resources, test-compile, process-test-classes, test, prepare-package, package, pre-integration-test, integration-test, post-integration-test, verify, install, deploy]
[DEBUG] Lifecycle clean -> [pre-clean, clean, post-clean]
[DEBUG] Lifecycle site -> [pre-site, site, post-site, site-deploy]
[DEBUG] Lifecycle default -> [validate, initialize, generate-sources, process-sources, generate-resources, process-resources, compile, process-classes, generate-test-sources, process-test-sources, generate-test-resources, process-test-resources, test-compile, process-test-classes, test, prepare-package, package, pre-integration-test, integration-test, post-integration-test, verify, install, deploy]
[DEBUG] Lifecycle clean -> [pre-clean, clean, post-clean]
[DEBUG] Lifecycle site -> [pre-site, site, post-site, site-deploy]
[DEBUG] Lifecycle default -> [validate, initialize, generate-sources, process-sources, generate-resources, process-resources, compile, process-classes, generate-test-sources, process-test-sources, generate-test-resources, process-test-resources, test-compile, process-test-classes, test, prepare-package, package, pre-integration-test, integration-test, post-integration-test, verify, install, deploy]
[DEBUG] Lifecycle clean -> [pre-clean, clean, post-clean]
[DEBUG] Lifecycle site -> [pre-site, site, post-site, site-deploy]
[DEBUG] Lifecycle default -> [validate, initialize, generate-sources, process-sources, generate-resources, process-resources, compile, process-classes, generate-test-sources, process-test-sources, generate-test-resources, process-test-resources, test-compile, process-test-classes, test, prepare-package, package, pre-integration-test, integration-test, post-integration-test, verify, install, deploy]
[DEBUG] Lifecycle clean -> [pre-clean, clean, post-clean]
[DEBUG] Lifecycle site -> [pre-site, site, post-site, site-deploy]
[DEBUG] Lifecycle default -> [validate, initialize, generate-sources, process-sources, generate-resources, process-resources, compile, process-classes, generate-test-sources, process-test-sources, generate-test-resources, process-test-resources, test-compile, process-test-classes, test, prepare-package, package, pre-integration-test, integration-test, post-integration-test, verify, install, deploy]
[DEBUG] Lifecycle clean -> [pre-clean, clean, post-clean]
[DEBUG] Lifecycle site -> [pre-site, site, post-site, site-deploy]
[DEBUG] === PROJECT BUILD PLAN ================================================
[DEBUG] Project:       com.epam.academy:TicTacToe:1.0
[DEBUG] Dependencies (collect): []
[DEBUG] Dependencies (resolve): [compile, test]
[DEBUG] Repositories (dependencies): [central (https://repo.maven.apache.org/maven2, default, releases)]
[DEBUG] Repositories (plugins)     : [central (https://repo.maven.apache.org/maven2, default, releases)]
[DEBUG] -----------------------------------------------------------------------
[DEBUG] Goal:          org.apache.maven.plugins:maven-resources-plugin:2.6:resources (default-resources)
[DEBUG] Style:         Regular
[DEBUG] Configuration: <?xml version="1.0" encoding="UTF-8"?>
<configuration>
  <buildFilters default-value="${project.build.filters}"/>
  <encoding default-value="${project.build.sourceEncoding}">${encoding}</encoding>
  <escapeString>${maven.resources.escapeString}</escapeString>
  <escapeWindowsPaths default-value="true">${maven.resources.escapeWindowsPaths}</escapeWindowsPaths>
  <includeEmptyDirs default-value="false">${maven.resources.includeEmptyDirs}</includeEmptyDirs>
  <outputDirectory default-value="${project.build.outputDirectory}"/>
  <overwrite default-value="false">${maven.resources.overwrite}</overwrite>
  <project default-value="${project}"/>
  <resources default-value="${project.resources}"/>
  <session default-value="${session}"/>
  <supportMultiLineFiltering default-value="false">${maven.resources.supportMultiLineFiltering}</supportMultiLineFiltering>
  <useBuildFilters default-value="true"/>
  <useDefaultDelimiters default-value="true"/>
</configuration>
[DEBUG] -----------------------------------------------------------------------
[DEBUG] Goal:          org.apache.maven.plugins:maven-compiler-plugin:3.6.1:compile (default-compile)
[DEBUG] Style:         Regular
[DEBUG] Configuration: <?xml version="1.0" encoding="UTF-8"?>
<configuration>
  <basedir default-value="${basedir}"/>
  <buildDirectory default-value="${project.build.directory}"/>
  <compilePath default-value="${project.compileClasspathElements}"/>
  <compileSourceRoots default-value="${project.compileSourceRoots}"/>
  <compilerId default-value="javac">${maven.compiler.compilerId}</compilerId>
  <compilerReuseStrategy default-value="${reuseCreated}">${maven.compiler.compilerReuseStrategy}</compilerReuseStrategy>
  <compilerVersion>${maven.compiler.compilerVersion}</compilerVersion>
  <debug default-value="true">${maven.compiler.debug}</debug>
  <debuglevel>${maven.compiler.debuglevel}</debuglevel>
  <encoding default-value="${project.build.sourceEncoding}">${encoding}</encoding>
  <executable>${maven.compiler.executable}</executable>
  <failOnError default-value="true">${maven.compiler.failOnError}</failOnError>
  <failOnWarning default-value="false">${maven.compiler.failOnWarning}</failOnWarning>
  <forceJavacCompilerUse default-value="false">${maven.compiler.forceJavacCompilerUse}</forceJavacCompilerUse>
  <fork default-value="false">${maven.compiler.fork}</fork>
  <generatedSourcesDirectory default-value="${project.build.directory}/generated-sources/annotations"/>
  <maxmem>${maven.compiler.maxmem}</maxmem>
  <meminitial>${maven.compiler.meminitial}</meminitial>
  <mojoExecution default-value="${mojoExecution}"/>
  <optimize default-value="false">${maven.compiler.optimize}</optimize>
  <outputDirectory default-value="${project.build.outputDirectory}"/>
  <project default-value="${project}"/>
  <projectArtifact default-value="${project.artifact}"/>
  <release>${maven.compiler.release}</release>
  <session default-value="${session}"/>
  <showDeprecation default-value="false">${maven.compiler.showDeprecation}</showDeprecation>
  <showWarnings default-value="false">${maven.compiler.showWarnings}</showWarnings>
  <skipMain>${maven.main.skip}</skipMain>
  <skipMultiThreadWarning default-value="false">${maven.compiler.skipMultiThreadWarning}</skipMultiThreadWarning>
  <source default-value="1.5">1.8</source>
  <staleMillis default-value="0">${lastModGranularityMs}</staleMillis>
  <target default-value="1.5">1.8</target>
  <useIncrementalCompilation default-value="true">${maven.compiler.useIncrementalCompilation}</useIncrementalCompilation>
  <verbose default-value="false">${maven.compiler.verbose}</verbose>
</configuration>
[DEBUG] -----------------------------------------------------------------------
[DEBUG] Goal:          org.apache.maven.plugins:maven-resources-plugin:2.6:testResources (default-testResources)
[DEBUG] Style:         Regular
[DEBUG] Configuration: <?xml version="1.0" encoding="UTF-8"?>
<configuration>
  <buildFilters default-value="${project.build.filters}"/>
  <encoding default-value="${project.build.sourceEncoding}">${encoding}</encoding>
  <escapeString>${maven.resources.escapeString}</escapeString>
  <escapeWindowsPaths default-value="true">${maven.resources.escapeWindowsPaths}</escapeWindowsPaths>
  <includeEmptyDirs default-value="false">${maven.resources.includeEmptyDirs}</includeEmptyDirs>
  <outputDirectory default-value="${project.build.testOutputDirectory}"/>
  <overwrite default-value="false">${maven.resources.overwrite}</overwrite>
  <project default-value="${project}"/>
  <resources default-value="${project.testResources}"/>
  <session default-value="${session}"/>
  <skip>${maven.test.skip}</skip>
  <supportMultiLineFiltering default-value="false">${maven.resources.supportMultiLineFiltering}</supportMultiLineFiltering>
  <useBuildFilters default-value="true"/>
  <useDefaultDelimiters default-value="true"/>
</configuration>
[DEBUG] -----------------------------------------------------------------------
[DEBUG] Goal:          org.apache.maven.plugins:maven-compiler-plugin:3.6.1:testCompile (default-testCompile)
[DEBUG] Style:         Regular
[DEBUG] Configuration: <?xml version="1.0" encoding="UTF-8"?>
<configuration>
  <basedir default-value="${basedir}"/>
  <buildDirectory default-value="${project.build.directory}"/>
  <compilePath default-value="${project.compileClasspathElements}"/>
  <compileSourceRoots default-value="${project.testCompileSourceRoots}"/>
  <compilerId default-value="javac">${maven.compiler.compilerId}</compilerId>
  <compilerReuseStrategy default-value="${reuseCreated}">${maven.compiler.compilerReuseStrategy}</compilerReuseStrategy>
  <compilerVersion>${maven.compiler.compilerVersion}</compilerVersion>
  <debug default-value="true">${maven.compiler.debug}</debug>
  <debuglevel>${maven.compiler.debuglevel}</debuglevel>
  <encoding default-value="${project.build.sourceEncoding}">${encoding}</encoding>
  <executable>${maven.compiler.executable}</executable>
  <failOnError default-value="true">${maven.compiler.failOnError}</failOnError>
  <failOnWarning default-value="false">${maven.compiler.failOnWarning}</failOnWarning>
  <forceJavacCompilerUse default-value="false">${maven.compiler.forceJavacCompilerUse}</forceJavacCompilerUse>
  <fork default-value="false">${maven.compiler.fork}</fork>
  <generatedTestSourcesDirectory default-value="${project.build.directory}/generated-test-sources/test-annotations"/>
  <maxmem>${maven.compiler.maxmem}</maxmem>
  <meminitial>${maven.compiler.meminitial}</meminitial>
  <mojoExecution default-value="${mojoExecution}"/>
  <optimize default-value="false">${maven.compiler.optimize}</optimize>
  <outputDirectory default-value="${project.build.testOutputDirectory}"/>
  <project default-value="${project}"/>
  <release>${maven.compiler.release}</release>
  <session default-value="${session}"/>
  <showDeprecation default-value="false">${maven.compiler.showDeprecation}</showDeprecation>
  <showWarnings default-value="false">${maven.compiler.showWarnings}</showWarnings>
  <skip>${maven.test.skip}</skip>
  <skipMultiThreadWarning default-value="false">${maven.compiler.skipMultiThreadWarning}</skipMultiThreadWarning>
  <source default-value="1.5">1.8</source>
  <staleMillis default-value="0">${lastModGranularityMs}</staleMillis>
  <target default-value="1.5">1.8</target>
  <testPath default-value="${project.testClasspathElements}"/>
  <testRelease>${maven.compiler.testRelease}</testRelease>
  <testSource>${maven.compiler.testSource}</testSource>
  <testTarget>${maven.compiler.testTarget}</testTarget>
  <useIncrementalCompilation default-value="true">${maven.compiler.useIncrementalCompilation}</useIncrementalCompilation>
  <verbose default-value="false">${maven.compiler.verbose}</verbose>
</configuration>
[DEBUG] -----------------------------------------------------------------------
[DEBUG] Goal:          org.apache.maven.plugins:maven-surefire-plugin:2.20:test (default-test)
[DEBUG] Style:         Regular
[DEBUG] Configuration: <?xml version="1.0" encoding="UTF-8"?>
<configuration>
  <additionalClasspathElements>${maven.test.additionalClasspath}</additionalClasspathElements>
  <argLine>${argLine}</argLine>
  <basedir default-value="${basedir}"/>
  <childDelegation default-value="false">${childDelegation}</childDelegation>
  <classesDirectory default-value="${project.build.outputDirectory}"/>
  <classpathDependencyExcludes>${maven.test.dependency.excludes}</classpathDependencyExcludes>
  <debugForkedProcess>${maven.surefire.debug}</debugForkedProcess>
  <dependenciesToScan>${dependenciesToScan}</dependenciesToScan>
  <disableXmlReport default-value="false">${disableXmlReport}</disableXmlReport>
  <enableAssertions default-value="true">${enableAssertions}</enableAssertions>
  <excludedGroups>${excludedGroups}</excludedGroups>
  <excludesFile>${surefire.excludesFile}</excludesFile>
  <failIfNoSpecifiedTests>${surefire.failIfNoSpecifiedTests}</failIfNoSpecifiedTests>
  <failIfNoTests>${failIfNoTests}</failIfNoTests>
  <forkCount default-value="1">${forkCount}</forkCount>
  <forkMode default-value="once">${forkMode}</forkMode>
  <forkedProcessExitTimeoutInSeconds default-value="30">${surefire.exitTimeout}</forkedProcessExitTimeoutInSeconds>
  <forkedProcessTimeoutInSeconds>${surefire.timeout}</forkedProcessTimeoutInSeconds>
  <groups>3x3board</groups>
  <includesFile>${surefire.includesFile}</includesFile>
  <junitArtifactName default-value="junit:junit">${junitArtifactName}</junitArtifactName>
  <jvm>${jvm}</jvm>
  <localRepository default-value="${localRepository}"/>
  <objectFactory>${objectFactory}</objectFactory>
  <parallel>${parallel}</parallel>
  <parallelMavenExecution default-value="${session.parallel}"/>
  <parallelOptimized default-value="true">${parallelOptimized}</parallelOptimized>
  <parallelTestsTimeoutForcedInSeconds>${surefire.parallel.forcedTimeout}</parallelTestsTimeoutForcedInSeconds>
  <parallelTestsTimeoutInSeconds>${surefire.parallel.timeout}</parallelTestsTimeoutInSeconds>
  <perCoreThreadCount default-value="true">${perCoreThreadCount}</perCoreThreadCount>
  <pluginArtifactMap>${plugin.artifactMap}</pluginArtifactMap>
  <pluginDescriptor default-value="${plugin}"/>
  <printSummary default-value="true">${surefire.printSummary}</printSummary>
  <projectArtifactMap>${project.artifactMap}</projectArtifactMap>
  <projectBuildDirectory default-value="${project.build.directory}"/>
  <redirectTestOutputToFile default-value="false">${maven.test.redirectTestOutputToFile}</redirectTestOutputToFile>
  <remoteRepositories default-value="${project.pluginArtifactRepositories}"/>
  <reportFormat default-value="brief">${surefire.reportFormat}</reportFormat>
  <reportNameSuffix default-value="">${surefire.reportNameSuffix}</reportNameSuffix>
  <reportsDirectory default-value="${project.build.directory}/surefire-reports"/>
  <rerunFailingTestsCount default-value="0">${surefire.rerunFailingTestsCount}</rerunFailingTestsCount>
  <reuseForks default-value="true">${reuseForks}</reuseForks>
  <runOrder default-value="filesystem">${surefire.runOrder}</runOrder>
  <shutdown default-value="testset">${surefire.shutdown}</shutdown>
  <skip default-value="false">${maven.test.skip}</skip>
  <skipAfterFailureCount default-value="0">${surefire.skipAfterFailureCount}</skipAfterFailureCount>
  <skipExec>${maven.test.skip.exec}</skipExec>
  <skipTests default-value="false">${skipTests}</skipTests>
  <suiteXmlFiles>${surefire.suiteXmlFiles}</suiteXmlFiles>
  <tempDir default-value="surefire">${tempDir}</tempDir>
  <test>${test}</test>
  <testClassesDirectory default-value="${project.build.testOutputDirectory}"/>
  <testFailureIgnore default-value="false">${maven.test.failure.ignore}</testFailureIgnore>
  <testNGArtifactName default-value="org.testng:testng">${testNGArtifactName}</testNGArtifactName>
  <testSourceDirectory default-value="${project.build.testSourceDirectory}"/>
  <threadCount>${threadCount}</threadCount>
  <threadCountClasses default-value="0">${threadCountClasses}</threadCountClasses>
  <threadCountMethods default-value="0">${threadCountMethods}</threadCountMethods>
  <threadCountSuites default-value="0">${threadCountSuites}</threadCountSuites>
  <trimStackTrace default-value="true">${trimStackTrace}</trimStackTrace>
  <useFile default-value="true">${surefire.useFile}</useFile>
  <useManifestOnlyJar default-value="true">${surefire.useManifestOnlyJar}</useManifestOnlyJar>
  <useSystemClassLoader default-value="true">${surefire.useSystemClassLoader}</useSystemClassLoader>
  <useUnlimitedThreads default-value="false">${useUnlimitedThreads}</useUnlimitedThreads>
  <workingDirectory>${basedir}</workingDirectory>
  <project default-value="${project}"/>
  <session default-value="${session}"/>
</configuration>
[DEBUG] =======================================================================
[DEBUG] Dependency collection stats: {ConflictMarker.analyzeTime=0, ConflictMarker.markTime=1, ConflictMarker.nodeCount=4, ConflictIdSorter.graphTime=0, ConflictIdSorter.topsortTime=0, ConflictIdSorter.conflictIdCount=3, ConflictIdSorter.conflictIdCycleCount=0, ConflictResolver.totalTime=2, ConflictResolver.conflictItemCount=3, DefaultDependencyCollector.collectTime=12, DefaultDependencyCollector.transformTime=4}
[DEBUG] com.epam.academy:TicTacToe:jar:1.0
[DEBUG]    org.testng:testng:jar:6.11:test
[DEBUG]       com.beust:jcommander:jar:1.64:test
[DEBUG]       org.yaml:snakeyaml:jar:1.17:test
[INFO] 
[INFO] --- maven-resources-plugin:2.6:resources (default-resources) @ TicTacToe ---
[DEBUG] Dependency collection stats: {ConflictMarker.analyzeTime=0, ConflictMarker.markTime=0, ConflictMarker.nodeCount=77, ConflictIdSorter.graphTime=0, ConflictIdSorter.topsortTime=0, ConflictIdSorter.conflictIdCount=26, ConflictIdSorter.conflictIdCycleCount=0, ConflictResolver.totalTime=2, ConflictResolver.conflictItemCount=74, DefaultDependencyCollector.collectTime=75, DefaultDependencyCollector.transformTime=2}
[DEBUG] org.apache.maven.plugins:maven-resources-plugin:jar:2.6:
[DEBUG]    org.apache.maven:maven-plugin-api:jar:2.0.6:compile
[DEBUG]    org.apache.maven:maven-project:jar:2.0.6:compile
[DEBUG]       org.apache.maven:maven-profile:jar:2.0.6:compile
[DEBUG]       org.apache.maven:maven-artifact-manager:jar:2.0.6:compile
[DEBUG]       org.apache.maven:maven-plugin-registry:jar:2.0.6:compile
[DEBUG]    org.apache.maven:maven-core:jar:2.0.6:compile
[DEBUG]       org.apache.maven:maven-plugin-parameter-documenter:jar:2.0.6:compile
[DEBUG]       org.apache.maven.reporting:maven-reporting-api:jar:2.0.6:compile
[DEBUG]          org.apache.maven.doxia:doxia-sink-api:jar:1.0-alpha-7:compile
[DEBUG]       org.apache.maven:maven-repository-metadata:jar:2.0.6:compile
[DEBUG]       org.apache.maven:maven-error-diagnostics:jar:2.0.6:compile
[DEBUG]       commons-cli:commons-cli:jar:1.0:compile
[DEBUG]       org.apache.maven:maven-plugin-descriptor:jar:2.0.6:compile
[DEBUG]       org.codehaus.plexus:plexus-interactivity-api:jar:1.0-alpha-4:compile
[DEBUG]       classworlds:classworlds:jar:1.1:compile
[DEBUG]    org.apache.maven:maven-artifact:jar:2.0.6:compile
[DEBUG]    org.apache.maven:maven-settings:jar:2.0.6:compile
[DEBUG]    org.apache.maven:maven-model:jar:2.0.6:compile
[DEBUG]    org.apache.maven:maven-monitor:jar:2.0.6:compile
[DEBUG]    org.codehaus.plexus:plexus-container-default:jar:1.0-alpha-9-stable-1:compile
[DEBUG]       junit:junit:jar:3.8.1:compile
[DEBUG]    org.codehaus.plexus:plexus-utils:jar:2.0.5:compile
[DEBUG]    org.apache.maven.shared:maven-filtering:jar:1.1:compile
[DEBUG]       org.sonatype.plexus:plexus-build-api:jar:0.0.4:compile
[DEBUG]    org.codehaus.plexus:plexus-interpolation:jar:1.13:compile
[DEBUG] Created new class realm plugin>org.apache.maven.plugins:maven-resources-plugin:2.6
[DEBUG] Importing foreign packages into class realm plugin>org.apache.maven.plugins:maven-resources-plugin:2.6
[DEBUG]   Imported:  < maven.api
[DEBUG] Populating class realm plugin>org.apache.maven.plugins:maven-resources-plugin:2.6
[DEBUG]   Included: org.apache.maven.plugins:maven-resources-plugin:jar:2.6
[DEBUG]   Included: org.apache.maven.reporting:maven-reporting-api:jar:2.0.6
[DEBUG]   Included: org.apache.maven.doxia:doxia-sink-api:jar:1.0-alpha-7
[DEBUG]   Included: commons-cli:commons-cli:jar:1.0
[DEBUG]   Included: org.codehaus.plexus:plexus-interactivity-api:jar:1.0-alpha-4
[DEBUG]   Included: junit:junit:jar:3.8.1
[DEBUG]   Included: org.codehaus.plexus:plexus-utils:jar:2.0.5
[DEBUG]   Included: org.apache.maven.shared:maven-filtering:jar:1.1
[DEBUG]   Included: org.sonatype.plexus:plexus-build-api:jar:0.0.4
[DEBUG]   Included: org.codehaus.plexus:plexus-interpolation:jar:1.13
[DEBUG] Configuring mojo org.apache.maven.plugins:maven-resources-plugin:2.6:resources from plugin realm ClassRealm[plugin>org.apache.maven.plugins:maven-resources-plugin:2.6, parent: sun.misc.Launcher$AppClassLoader@33909752]
[DEBUG] Configuring mojo 'org.apache.maven.plugins:maven-resources-plugin:2.6:resources' with basic configurator -->
[DEBUG]   (f) buildFilters = []
[DEBUG]   (f) encoding = UTF-8
[DEBUG]   (f) escapeWindowsPaths = true
[DEBUG]   (s) includeEmptyDirs = false
[DEBUG]   (s) outputDirectory = /home/anna/projects/Tic-Tac-Toe/target/classes
[DEBUG]   (s) overwrite = false
[DEBUG]   (f) project = MavenProject: com.epam.academy:TicTacToe:1.0 @ /home/anna/projects/Tic-Tac-Toe/pom.xml
[DEBUG]   (s) resources = [Resource {targetPath: null, filtering: false, FileSet {directory: /home/anna/projects/Tic-Tac-Toe/src/main/resources, PatternSet [includes: {}, excludes: {}]}}]
[DEBUG]   (f) session = org.apache.maven.execution.MavenSession@5ab14cb9
[DEBUG]   (f) supportMultiLineFiltering = false
[DEBUG]   (f) useBuildFilters = true
[DEBUG]   (s) useDefaultDelimiters = true
[DEBUG] -- end configuration --
[DEBUG] properties used {env.DESKTOP_SESSION=ubuntu, env.OLDPWD=/home/anna/projects/Tic-Tac-Toe, file.encoding.pkg=sun.io, java.home=/home/anna/.sdkman/candidates/java/8u131-zulu/jre, env.QT_LINUX_ACCESSIBILITY_ALWAYS_ON=1, env.GDM_LANG=en_US, env.DISPLAY=:0, env.LS_COLORS=rs=0:di=01;34:ln=01;36:mh=00:pi=40;33:so=01;35:do=01;35:bd=40;33;01:cd=40;33;01:or=40;31;01:mi=00:su=37;41:sg=30;43:ca=30;41:tw=30;42:ow=34;42:st=37;44:ex=01;32:*.tar=01;31:*.tgz=01;31:*.arc=01;31:*.arj=01;31:*.taz=01;31:*.lha=01;31:*.lz4=01;31:*.lzh=01;31:*.lzma=01;31:*.tlz=01;31:*.txz=01;31:*.tzo=01;31:*.t7z=01;31:*.zip=01;31:*.z=01;31:*.Z=01;31:*.dz=01;31:*.gz=01;31:*.lrz=01;31:*.lz=01;31:*.lzo=01;31:*.xz=01;31:*.bz2=01;31:*.bz=01;31:*.tbz=01;31:*.tbz2=01;31:*.tz=01;31:*.deb=01;31:*.rpm=01;31:*.jar=01;31:*.war=01;31:*.ear=01;31:*.sar=01;31:*.rar=01;31:*.alz=01;31:*.ace=01;31:*.zoo=01;31:*.cpio=01;31:*.7z=01;31:*.rz=01;31:*.cab=01;31:*.jpg=01;35:*.jpeg=01;35:*.gif=01;35:*.bmp=01;35:*.pbm=01;35:*.pgm=01;35:*.ppm=01;35:*.tga=01;35:*.xbm=01;35:*.xpm=01;35:*.tif=01;35:*.tiff=01;35:*.png=01;35:*.svg=01;35:*.svgz=01;35:*.mng=01;35:*.pcx=01;35:*.mov=01;35:*.mpg=01;35:*.mpeg=01;35:*.m2v=01;35:*.mkv=01;35:*.webm=01;35:*.ogm=01;35:*.mp4=01;35:*.m4v=01;35:*.mp4v=01;35:*.vob=01;35:*.qt=01;35:*.nuv=01;35:*.wmv=01;35:*.asf=01;35:*.rm=01;35:*.rmvb=01;35:*.flc=01;35:*.avi=01;35:*.fli=01;35:*.flv=01;35:*.gl=01;35:*.dl=01;35:*.xcf=01;35:*.xwd=01;35:*.yuv=01;35:*.cgm=01;35:*.emf=01;35:*.ogv=01;35:*.ogx=01;35:*.aac=00;36:*.au=00;36:*.flac=00;36:*.m4a=00;36:*.mid=00;36:*.midi=00;36:*.mka=00;36:*.mp3=00;36:*.mpc=00;36:*.ogg=00;36:*.ra=00;36:*.wav=00;36:*.oga=00;36:*.opus=00;36:*.spx=00;36:*.xspf=00;36:, env.XDG_VTNR=7, classworlds.conf=/home/anna/.sdkman/candidates/maven/current/bin/m2.conf, env.SDKMAN_CANDIDATES_DIR=/home/anna/.sdkman/candidates, env.XDG_GREETER_DATA_DIR=/var/lib/lightdm-data/anna, java.endorsed.dirs=/home/anna/.sdkman/candidates/java/8u131-zulu/jre/lib/endorsed, env.LOGNAME=anna, env.XDG_SEAT=seat0, maven.compiler-plugin.version=3.6.1, env.LC_PAPER=pl_PL.UTF-8, sun.os.patch.level=unknown, java.vendor.url=http://www.azulsystems.com/, env.XDG_SEAT_PATH=/org/freedesktop/DisplayManager/Seat0, env.MANDATORY_PATH=/usr/share/gconf/ubuntu.mandatory.path, java.version=1.8.0_131, env.SDKMAN_CURRENT_API=https://api.sdkman.io/2, env.SDKMAN_DIR=/home/anna/.sdkman, java.vendor.url.bug=http://www.azulsystems.com/support/, env.LANGUAGE=en_US, env.XDG_DATA_DIRS=/usr/share/ubuntu:/usr/share/gnome:/usr/local/share/:/usr/share/:/var/lib/snapd/desktop, env.GNOME_KEYRING_CONTROL=, env.UPSTART_SESSION=unix:abstract=/com/ubuntu/upstart-session/1000/1739, user.name=anna, env.LANG=en_US.UTF-8, env.LC_MONETARY=pl_PL.UTF-8, sun.io.unicode.encoding=UnicodeLittle, sun.jnu.encoding=UTF-8, env.DBUS_SESSION_BUS_ADDRESS=unix:abstract=/tmp/dbus-hEfqD5r56p, java.runtime.name=OpenJDK Runtime Environment, env.LC_NAME=pl_PL.UTF-8, java.specification.name=Java Platform API Specification, user.timezone=Europe/Warsaw, env.LESSOPEN=| /usr/bin/lesspipe %s, path.separator=:, env.MAVEN_CMD_LINE_ARGS= -X test, env.XMODIFIERS=@im=ibus, file.encoding=UTF-8, env.HOME=/home/anna, sun.java.command=org.codehaus.plexus.classworlds.launcher.Launcher -X test, env.LC_TELEPHONE=pl_PL.UTF-8, env._=/home/anna/.sdkman/candidates/maven/current/bin/mvn, env.GTK2_MODULES=overlay-scrollbar, java.io.tmpdir=/tmp, env.LC_IDENTIFICATION=pl_PL.UTF-8, env.GNOME_KEYRING_PID=, user.language=en, env.UPSTART_EVENTS=started starting, line.separator=
, env.CLUTTER_IM_MODULE=xim, java.vm.info=mixed mode, sun.desktop=gnome, java.vm.specification.name=Java Virtual Machine Specification, env.LC_MEASUREMENT=pl_PL.UTF-8, env.IM_CONFIG_PHASE=1, env.LC_TIME=pl_PL.UTF-8, env.GDMSESSION=ubuntu, env.SDKMAN_VERSION=5.5.9+231, env.QT_ACCESSIBILITY=1, env.XDG_SESSION_DESKTOP=ubuntu, java.awt.printerjob=sun.print.PSPrinterJob, env.VTE_VERSION=4205, env.SDKMAN_PLATFORM=Linux64, env.DEFAULTS_PATH=/usr/share/gconf/ubuntu.default.path, env.XDG_SESSION_TYPE=x11, env.WINDOWID=69206026, env.LIBGL_ALWAYS_SOFTWARE=1, env.COMPIZ_CONFIG_PROFILE=ubuntu, env.XDG_SESSION_PATH=/org/freedesktop/DisplayManager/Session0, env.JOB=gnome-session, os.name=Linux, java.specification.vendor=Oracle Corporation, env.TERM=xterm-256color, java.vm.name=OpenJDK 64-Bit Server VM, env.QT_IM_MODULE=ibus, java.library.path=/usr/java/packages/lib/amd64:/usr/lib64:/lib64:/lib:/usr/lib, env.PATH=/home/anna/.sdkman/candidates/maven/current/bin:/home/anna/.sdkman/candidates/java/current/bin:/home/anna/bin:/home/anna/.local/bin:/usr/local/sbin:/usr/local/bin:/usr/sbin:/usr/bin:/sbin:/bin:/usr/games:/usr/local/games:/snap/bin, env.LESSCLOSE=/usr/bin/lesspipe %s %s, library.jansi.path=/home/anna/.sdkman/candidates/maven/current/lib/jansi-native/linux64, java.class.version=52.0, env.SHLVL=1, maven.multiModuleProjectDirectory=/home/anna/projects/Tic-Tac-Toe, env.SDKMAN_LEGACY_API=https://api.sdkman.io/1, org.testng.version=6.11, env.UPSTART_JOB=unity-settings-daemon, sun.boot.library.path=/home/anna/.sdkman/candidates/java/8u131-zulu/jre/lib/amd64, project.build.sourceEncoding=UTF-8, sun.management.compiler=HotSpot 64-Bit Tiered Compilers, java.awt.graphicsenv=sun.awt.X11GraphicsEnvironment, env.USER=anna, env.GTK_IM_MODULE=ibus, env.GTK_MODULES=gail:atk-bridge:unity-gtk-module, env.SESSIONTYPE=gnome-session, java.vm.specification.version=1.8, env.NLSPATH=/usr/dt/lib/nls/msg/%L/%N.cat, awt.toolkit=sun.awt.X11.XToolkit, env.MAVEN_HOME=/home/anna/.sdkman/candidates/maven/current, sun.cpu.isalist=, env.MAVEN_PROJECTBASEDIR=/home/anna/projects/Tic-Tac-Toe, java.ext.dirs=/home/anna/.sdkman/candidates/java/8u131-zulu/jre/lib/ext:/usr/java/packages/lib/ext, os.version=4.8.0-58-generic, env.QT_QPA_PLATFORMTHEME=appmenu-qt5, user.home=/home/anna, env.XDG_CURRENT_DESKTOP=Unity, java.vm.vendor=Azul Systems, Inc., env.JAVA_HOME=/home/anna/.sdkman/candidates/java/current, env.XDG_SESSION_ID=c2, env.XAUTHORITY=/home/anna/.Xauthority, user.dir=/home/anna/projects/Tic-Tac-Toe, maven.conf=/home/anna/.sdkman/candidates/maven/current/conf, env.XFILESEARCHPATH=/usr/dt/app-defaults/%L/Dt, env.PWD=/home/anna/projects/Tic-Tac-Toe, sun.cpu.endian=little, java.vm.version=25.131-b11, java.class.path=/home/anna/.sdkman/candidates/maven/current/boot/plexus-classworlds-2.5.2.jar, org.slf4j.simpleLogger.defaultLogLevel=debug, env.LC_ADDRESS=pl_PL.UTF-8, os.arch=amd64, maven.build.version=Apache Maven 3.5.0 (ff8f5e7444045639af65f6095c62210b5713f426; 2017-04-03T21:39:06+02:00), maven.jar-plugin.version=3.0.2, env.LC_NUMERIC=pl_PL.UTF-8, sun.java.launcher=SUN_STANDARD, env.UPSTART_INSTANCE=, java.vm.specification.vendor=Oracle Corporation, file.separator=/, java.runtime.version=1.8.0_131-b11, env.SSH_AUTH_SOCK=/run/user/1000/keyring/ssh, sun.boot.class.path=/home/anna/.sdkman/candidates/java/8u131-zulu/jre/lib/resources.jar:/home/anna/.sdkman/candidates/java/8u131-zulu/jre/lib/rt.jar:/home/anna/.sdkman/candidates/java/8u131-zulu/jre/lib/sunrsasign.jar:/home/anna/.sdkman/candidates/java/8u131-zulu/jre/lib/jsse.jar:/home/anna/.sdkman/candidates/java/8u131-zulu/jre/lib/jce.jar:/home/anna/.sdkman/candidates/java/8u131-zulu/jre/lib/charsets.jar:/home/anna/.sdkman/candidates/java/8u131-zulu/jre/lib/jfr.jar:/home/anna/.sdkman/candidates/java/8u131-zulu/jre/classes, env.QT4_IM_MODULE=xim, env.XDG_CONFIG_DIRS=/etc/xdg/xdg-ubuntu:/usr/share/upstart/xdg:/etc/xdg, env.XDG_RUNTIME_DIR=/run/user/1000, maven.version=3.5.0, user.country=US, env.INSTANCE=Unity, maven.home=/home/anna/.sdkman/candidates/maven/current, env.SHELL=/bin/bash, java.vendor=Azul Systems, Inc., env.GPG_AGENT_INFO=/home/anna/.gnupg/S.gpg-agent:0:1, java.specification.version=1.8, sun.arch.data.model=64, env.GNOME_DESKTOP_SESSION_ID=this-is-deprecated}
[INFO] Using 'UTF-8' encoding to copy filtered resources.
[DEBUG] resource with targetPath null
directory /home/anna/projects/Tic-Tac-Toe/src/main/resources
excludes []
includes []
[INFO] skip non existing resourceDirectory /home/anna/projects/Tic-Tac-Toe/src/main/resources
[DEBUG] no use filter components
[INFO] 
[INFO] --- maven-compiler-plugin:3.6.1:compile (default-compile) @ TicTacToe ---
[DEBUG] Dependency collection stats: {ConflictMarker.analyzeTime=0, ConflictMarker.markTime=0, ConflictMarker.nodeCount=117, ConflictIdSorter.graphTime=1, ConflictIdSorter.topsortTime=0, ConflictIdSorter.conflictIdCount=44, ConflictIdSorter.conflictIdCycleCount=0, ConflictResolver.totalTime=1, ConflictResolver.conflictItemCount=71, DefaultDependencyCollector.collectTime=141, DefaultDependencyCollector.transformTime=2}
[DEBUG] org.apache.maven.plugins:maven-compiler-plugin:jar:3.6.1:
[DEBUG]    org.apache.maven:maven-plugin-api:jar:3.0:compile
[DEBUG]       org.apache.maven:maven-model:jar:3.0:compile
[DEBUG]       org.sonatype.sisu:sisu-inject-plexus:jar:1.4.2:compile
[DEBUG]          org.sonatype.sisu:sisu-inject-bean:jar:1.4.2:compile
[DEBUG]             org.sonatype.sisu:sisu-guice:jar:noaop:2.1.7:compile
[DEBUG]    org.apache.maven:maven-artifact:jar:3.0:compile
[DEBUG]       org.codehaus.plexus:plexus-utils:jar:2.0.4:compile
[DEBUG]    org.apache.maven:maven-core:jar:3.0:compile
[DEBUG]       org.apache.maven:maven-settings:jar:3.0:compile
[DEBUG]       org.apache.maven:maven-settings-builder:jar:3.0:compile
[DEBUG]       org.apache.maven:maven-repository-metadata:jar:3.0:compile
[DEBUG]       org.apache.maven:maven-model-builder:jar:3.0:compile
[DEBUG]       org.apache.maven:maven-aether-provider:jar:3.0:runtime
[DEBUG]       org.sonatype.aether:aether-impl:jar:1.7:compile
[DEBUG]          org.sonatype.aether:aether-spi:jar:1.7:compile
[DEBUG]       org.sonatype.aether:aether-api:jar:1.7:compile
[DEBUG]       org.sonatype.aether:aether-util:jar:1.7:compile
[DEBUG]       org.codehaus.plexus:plexus-interpolation:jar:1.14:compile
[DEBUG]       org.codehaus.plexus:plexus-classworlds:jar:2.2.3:compile
[DEBUG]       org.codehaus.plexus:plexus-component-annotations:jar:1.6:compile
[DEBUG]       org.sonatype.plexus:plexus-sec-dispatcher:jar:1.3:compile
[DEBUG]          org.sonatype.plexus:plexus-cipher:jar:1.4:compile
[DEBUG]    org.apache.maven.shared:maven-shared-utils:jar:3.1.0:compile
[DEBUG]       commons-io:commons-io:jar:2.5:compile
[DEBUG]    org.apache.maven.shared:maven-shared-incremental:jar:1.1:compile
[DEBUG]    org.ow2.asm:asm:jar:6.0_ALPHA:compile
[DEBUG]    com.thoughtworks.qdox:qdox:jar:2.0-M5:compile
[DEBUG]    org.codehaus.plexus:plexus-compiler-api:jar:2.8.1:compile
[DEBUG]    org.codehaus.plexus:plexus-compiler-manager:jar:2.8.1:compile
[DEBUG]    org.codehaus.plexus:plexus-compiler-javac:jar:2.8.1:runtime
[DEBUG] Created new class realm plugin>org.apache.maven.plugins:maven-compiler-plugin:3.6.1
[DEBUG] Importing foreign packages into class realm plugin>org.apache.maven.plugins:maven-compiler-plugin:3.6.1
[DEBUG]   Imported:  < maven.api
[DEBUG] Populating class realm plugin>org.apache.maven.plugins:maven-compiler-plugin:3.6.1
[DEBUG]   Included: org.apache.maven.plugins:maven-compiler-plugin:jar:3.6.1
[DEBUG]   Included: org.sonatype.sisu:sisu-inject-bean:jar:1.4.2
[DEBUG]   Included: org.sonatype.sisu:sisu-guice:jar:noaop:2.1.7
[DEBUG]   Included: org.codehaus.plexus:plexus-utils:jar:2.0.4
[DEBUG]   Included: org.apache.maven:maven-aether-provider:jar:3.0
[DEBUG]   Included: org.sonatype.aether:aether-util:jar:1.7
[DEBUG]   Included: org.codehaus.plexus:plexus-interpolation:jar:1.14
[DEBUG]   Included: org.codehaus.plexus:plexus-component-annotations:jar:1.6
[DEBUG]   Included: org.sonatype.plexus:plexus-sec-dispatcher:jar:1.3
[DEBUG]   Included: org.sonatype.plexus:plexus-cipher:jar:1.4
[DEBUG]   Included: org.apache.maven.shared:maven-shared-utils:jar:3.1.0
[DEBUG]   Included: commons-io:commons-io:jar:2.5
[DEBUG]   Included: org.apache.maven.shared:maven-shared-incremental:jar:1.1
[DEBUG]   Included: org.ow2.asm:asm:jar:6.0_ALPHA
[DEBUG]   Included: com.thoughtworks.qdox:qdox:jar:2.0-M5
[DEBUG]   Included: org.codehaus.plexus:plexus-compiler-api:jar:2.8.1
[DEBUG]   Included: org.codehaus.plexus:plexus-compiler-manager:jar:2.8.1
[DEBUG]   Included: org.codehaus.plexus:plexus-compiler-javac:jar:2.8.1
[DEBUG] Configuring mojo org.apache.maven.plugins:maven-compiler-plugin:3.6.1:compile from plugin realm ClassRealm[plugin>org.apache.maven.plugins:maven-compiler-plugin:3.6.1, parent: sun.misc.Launcher$AppClassLoader@33909752]
[DEBUG] Configuring mojo 'org.apache.maven.plugins:maven-compiler-plugin:3.6.1:compile' with basic configurator -->
[DEBUG]   (f) basedir = /home/anna/projects/Tic-Tac-Toe
[DEBUG]   (f) buildDirectory = /home/anna/projects/Tic-Tac-Toe/target
[DEBUG]   (f) compilePath = [/home/anna/projects/Tic-Tac-Toe/target/classes]
[DEBUG]   (f) compileSourceRoots = [/home/anna/projects/Tic-Tac-Toe/src/main/java]
[DEBUG]   (f) compilerId = javac
[DEBUG]   (f) debug = true
[DEBUG]   (f) encoding = UTF-8
[DEBUG]   (f) failOnError = true
[DEBUG]   (f) failOnWarning = false
[DEBUG]   (f) forceJavacCompilerUse = false
[DEBUG]   (f) fork = false
[DEBUG]   (f) generatedSourcesDirectory = /home/anna/projects/Tic-Tac-Toe/target/generated-sources/annotations
[DEBUG]   (f) mojoExecution = org.apache.maven.plugins:maven-compiler-plugin:3.6.1:compile {execution: default-compile}
[DEBUG]   (f) optimize = false
[DEBUG]   (f) outputDirectory = /home/anna/projects/Tic-Tac-Toe/target/classes
[DEBUG]   (f) project = MavenProject: com.epam.academy:TicTacToe:1.0 @ /home/anna/projects/Tic-Tac-Toe/pom.xml
[DEBUG]   (f) projectArtifact = com.epam.academy:TicTacToe:jar:1.0
[DEBUG]   (f) session = org.apache.maven.execution.MavenSession@5ab14cb9
[DEBUG]   (f) showDeprecation = false
[DEBUG]   (f) showWarnings = false
[DEBUG]   (f) skipMultiThreadWarning = false
[DEBUG]   (f) source = 1.8
[DEBUG]   (f) staleMillis = 0
[DEBUG]   (f) target = 1.8
[DEBUG]   (f) useIncrementalCompilation = true
[DEBUG]   (f) verbose = false
[DEBUG] -- end configuration --
[DEBUG] Using compiler 'javac'.
[DEBUG] Adding /home/anna/projects/Tic-Tac-Toe/target/generated-sources/annotations to compile source roots:
  /home/anna/projects/Tic-Tac-Toe/src/main/java
[DEBUG] New compile source roots:
  /home/anna/projects/Tic-Tac-Toe/src/main/java
  /home/anna/projects/Tic-Tac-Toe/target/generated-sources/annotations
[DEBUG] CompilerReuseStrategy: reuseCreated
[DEBUG] useIncrementalCompilation enabled
[DEBUG] classpathElements: [/home/anna/projects/Tic-Tac-Toe/target/classes]
[INFO] Nothing to compile - all classes are up to date
[INFO] 
[INFO] --- maven-resources-plugin:2.6:testResources (default-testResources) @ TicTacToe ---
[DEBUG] Configuring mojo org.apache.maven.plugins:maven-resources-plugin:2.6:testResources from plugin realm ClassRealm[plugin>org.apache.maven.plugins:maven-resources-plugin:2.6, parent: sun.misc.Launcher$AppClassLoader@33909752]
[DEBUG] Configuring mojo 'org.apache.maven.plugins:maven-resources-plugin:2.6:testResources' with basic configurator -->
[DEBUG]   (f) buildFilters = []
[DEBUG]   (f) encoding = UTF-8
[DEBUG]   (f) escapeWindowsPaths = true
[DEBUG]   (s) includeEmptyDirs = false
[DEBUG]   (s) outputDirectory = /home/anna/projects/Tic-Tac-Toe/target/test-classes
[DEBUG]   (s) overwrite = false
[DEBUG]   (f) project = MavenProject: com.epam.academy:TicTacToe:1.0 @ /home/anna/projects/Tic-Tac-Toe/pom.xml
[DEBUG]   (s) resources = [Resource {targetPath: null, filtering: false, FileSet {directory: /home/anna/projects/Tic-Tac-Toe/src/test/resources, PatternSet [includes: {}, excludes: {}]}}]
[DEBUG]   (f) session = org.apache.maven.execution.MavenSession@5ab14cb9
[DEBUG]   (f) supportMultiLineFiltering = false
[DEBUG]   (f) useBuildFilters = true
[DEBUG]   (s) useDefaultDelimiters = true
[DEBUG] -- end configuration --
[DEBUG] properties used {env.DESKTOP_SESSION=ubuntu, env.OLDPWD=/home/anna/projects/Tic-Tac-Toe, file.encoding.pkg=sun.io, java.home=/home/anna/.sdkman/candidates/java/8u131-zulu/jre, env.QT_LINUX_ACCESSIBILITY_ALWAYS_ON=1, env.GDM_LANG=en_US, env.DISPLAY=:0, env.LS_COLORS=rs=0:di=01;34:ln=01;36:mh=00:pi=40;33:so=01;35:do=01;35:bd=40;33;01:cd=40;33;01:or=40;31;01:mi=00:su=37;41:sg=30;43:ca=30;41:tw=30;42:ow=34;42:st=37;44:ex=01;32:*.tar=01;31:*.tgz=01;31:*.arc=01;31:*.arj=01;31:*.taz=01;31:*.lha=01;31:*.lz4=01;31:*.lzh=01;31:*.lzma=01;31:*.tlz=01;31:*.txz=01;31:*.tzo=01;31:*.t7z=01;31:*.zip=01;31:*.z=01;31:*.Z=01;31:*.dz=01;31:*.gz=01;31:*.lrz=01;31:*.lz=01;31:*.lzo=01;31:*.xz=01;31:*.bz2=01;31:*.bz=01;31:*.tbz=01;31:*.tbz2=01;31:*.tz=01;31:*.deb=01;31:*.rpm=01;31:*.jar=01;31:*.war=01;31:*.ear=01;31:*.sar=01;31:*.rar=01;31:*.alz=01;31:*.ace=01;31:*.zoo=01;31:*.cpio=01;31:*.7z=01;31:*.rz=01;31:*.cab=01;31:*.jpg=01;35:*.jpeg=01;35:*.gif=01;35:*.bmp=01;35:*.pbm=01;35:*.pgm=01;35:*.ppm=01;35:*.tga=01;35:*.xbm=01;35:*.xpm=01;35:*.tif=01;35:*.tiff=01;35:*.png=01;35:*.svg=01;35:*.svgz=01;35:*.mng=01;35:*.pcx=01;35:*.mov=01;35:*.mpg=01;35:*.mpeg=01;35:*.m2v=01;35:*.mkv=01;35:*.webm=01;35:*.ogm=01;35:*.mp4=01;35:*.m4v=01;35:*.mp4v=01;35:*.vob=01;35:*.qt=01;35:*.nuv=01;35:*.wmv=01;35:*.asf=01;35:*.rm=01;35:*.rmvb=01;35:*.flc=01;35:*.avi=01;35:*.fli=01;35:*.flv=01;35:*.gl=01;35:*.dl=01;35:*.xcf=01;35:*.xwd=01;35:*.yuv=01;35:*.cgm=01;35:*.emf=01;35:*.ogv=01;35:*.ogx=01;35:*.aac=00;36:*.au=00;36:*.flac=00;36:*.m4a=00;36:*.mid=00;36:*.midi=00;36:*.mka=00;36:*.mp3=00;36:*.mpc=00;36:*.ogg=00;36:*.ra=00;36:*.wav=00;36:*.oga=00;36:*.opus=00;36:*.spx=00;36:*.xspf=00;36:, env.XDG_VTNR=7, classworlds.conf=/home/anna/.sdkman/candidates/maven/current/bin/m2.conf, env.SDKMAN_CANDIDATES_DIR=/home/anna/.sdkman/candidates, env.XDG_GREETER_DATA_DIR=/var/lib/lightdm-data/anna, java.endorsed.dirs=/home/anna/.sdkman/candidates/java/8u131-zulu/jre/lib/endorsed, env.LOGNAME=anna, env.XDG_SEAT=seat0, maven.compiler-plugin.version=3.6.1, env.LC_PAPER=pl_PL.UTF-8, sun.os.patch.level=unknown, java.vendor.url=http://www.azulsystems.com/, env.XDG_SEAT_PATH=/org/freedesktop/DisplayManager/Seat0, env.MANDATORY_PATH=/usr/share/gconf/ubuntu.mandatory.path, java.version=1.8.0_131, env.SDKMAN_CURRENT_API=https://api.sdkman.io/2, env.SDKMAN_DIR=/home/anna/.sdkman, java.vendor.url.bug=http://www.azulsystems.com/support/, env.LANGUAGE=en_US, env.XDG_DATA_DIRS=/usr/share/ubuntu:/usr/share/gnome:/usr/local/share/:/usr/share/:/var/lib/snapd/desktop, env.GNOME_KEYRING_CONTROL=, env.UPSTART_SESSION=unix:abstract=/com/ubuntu/upstart-session/1000/1739, user.name=anna, env.LANG=en_US.UTF-8, env.LC_MONETARY=pl_PL.UTF-8, sun.io.unicode.encoding=UnicodeLittle, sun.jnu.encoding=UTF-8, env.DBUS_SESSION_BUS_ADDRESS=unix:abstract=/tmp/dbus-hEfqD5r56p, java.runtime.name=OpenJDK Runtime Environment, env.LC_NAME=pl_PL.UTF-8, java.specification.name=Java Platform API Specification, user.timezone=Europe/Warsaw, env.LESSOPEN=| /usr/bin/lesspipe %s, path.separator=:, env.MAVEN_CMD_LINE_ARGS= -X test, env.XMODIFIERS=@im=ibus, file.encoding=UTF-8, env.HOME=/home/anna, sun.java.command=org.codehaus.plexus.classworlds.launcher.Launcher -X test, env.LC_TELEPHONE=pl_PL.UTF-8, env._=/home/anna/.sdkman/candidates/maven/current/bin/mvn, env.GTK2_MODULES=overlay-scrollbar, java.io.tmpdir=/tmp, env.LC_IDENTIFICATION=pl_PL.UTF-8, env.GNOME_KEYRING_PID=, user.language=en, env.UPSTART_EVENTS=started starting, line.separator=
, env.CLUTTER_IM_MODULE=xim, java.vm.info=mixed mode, sun.desktop=gnome, java.vm.specification.name=Java Virtual Machine Specification, env.LC_MEASUREMENT=pl_PL.UTF-8, env.IM_CONFIG_PHASE=1, env.LC_TIME=pl_PL.UTF-8, env.GDMSESSION=ubuntu, env.SDKMAN_VERSION=5.5.9+231, env.QT_ACCESSIBILITY=1, env.XDG_SESSION_DESKTOP=ubuntu, java.awt.printerjob=sun.print.PSPrinterJob, env.VTE_VERSION=4205, env.SDKMAN_PLATFORM=Linux64, env.DEFAULTS_PATH=/usr/share/gconf/ubuntu.default.path, env.XDG_SESSION_TYPE=x11, env.WINDOWID=69206026, env.LIBGL_ALWAYS_SOFTWARE=1, env.COMPIZ_CONFIG_PROFILE=ubuntu, env.XDG_SESSION_PATH=/org/freedesktop/DisplayManager/Session0, env.JOB=gnome-session, os.name=Linux, java.specification.vendor=Oracle Corporation, env.TERM=xterm-256color, java.vm.name=OpenJDK 64-Bit Server VM, env.QT_IM_MODULE=ibus, java.library.path=/usr/java/packages/lib/amd64:/usr/lib64:/lib64:/lib:/usr/lib, env.PATH=/home/anna/.sdkman/candidates/maven/current/bin:/home/anna/.sdkman/candidates/java/current/bin:/home/anna/bin:/home/anna/.local/bin:/usr/local/sbin:/usr/local/bin:/usr/sbin:/usr/bin:/sbin:/bin:/usr/games:/usr/local/games:/snap/bin, env.LESSCLOSE=/usr/bin/lesspipe %s %s, library.jansi.path=/home/anna/.sdkman/candidates/maven/current/lib/jansi-native/linux64, java.class.version=52.0, env.SHLVL=1, maven.multiModuleProjectDirectory=/home/anna/projects/Tic-Tac-Toe, env.SDKMAN_LEGACY_API=https://api.sdkman.io/1, org.testng.version=6.11, env.UPSTART_JOB=unity-settings-daemon, sun.boot.library.path=/home/anna/.sdkman/candidates/java/8u131-zulu/jre/lib/amd64, project.build.sourceEncoding=UTF-8, sun.management.compiler=HotSpot 64-Bit Tiered Compilers, java.awt.graphicsenv=sun.awt.X11GraphicsEnvironment, env.USER=anna, env.GTK_IM_MODULE=ibus, env.GTK_MODULES=gail:atk-bridge:unity-gtk-module, env.SESSIONTYPE=gnome-session, java.vm.specification.version=1.8, env.NLSPATH=/usr/dt/lib/nls/msg/%L/%N.cat, awt.toolkit=sun.awt.X11.XToolkit, env.MAVEN_HOME=/home/anna/.sdkman/candidates/maven/current, sun.cpu.isalist=, env.MAVEN_PROJECTBASEDIR=/home/anna/projects/Tic-Tac-Toe, java.ext.dirs=/home/anna/.sdkman/candidates/java/8u131-zulu/jre/lib/ext:/usr/java/packages/lib/ext, os.version=4.8.0-58-generic, env.QT_QPA_PLATFORMTHEME=appmenu-qt5, user.home=/home/anna, env.XDG_CURRENT_DESKTOP=Unity, java.vm.vendor=Azul Systems, Inc., env.JAVA_HOME=/home/anna/.sdkman/candidates/java/current, env.XDG_SESSION_ID=c2, env.XAUTHORITY=/home/anna/.Xauthority, user.dir=/home/anna/projects/Tic-Tac-Toe, maven.conf=/home/anna/.sdkman/candidates/maven/current/conf, env.XFILESEARCHPATH=/usr/dt/app-defaults/%L/Dt, env.PWD=/home/anna/projects/Tic-Tac-Toe, sun.cpu.endian=little, java.vm.version=25.131-b11, java.class.path=/home/anna/.sdkman/candidates/maven/current/boot/plexus-classworlds-2.5.2.jar, org.slf4j.simpleLogger.defaultLogLevel=debug, env.LC_ADDRESS=pl_PL.UTF-8, os.arch=amd64, maven.build.version=Apache Maven 3.5.0 (ff8f5e7444045639af65f6095c62210b5713f426; 2017-04-03T21:39:06+02:00), maven.jar-plugin.version=3.0.2, env.LC_NUMERIC=pl_PL.UTF-8, sun.java.launcher=SUN_STANDARD, env.UPSTART_INSTANCE=, java.vm.specification.vendor=Oracle Corporation, file.separator=/, java.runtime.version=1.8.0_131-b11, env.SSH_AUTH_SOCK=/run/user/1000/keyring/ssh, sun.boot.class.path=/home/anna/.sdkman/candidates/java/8u131-zulu/jre/lib/resources.jar:/home/anna/.sdkman/candidates/java/8u131-zulu/jre/lib/rt.jar:/home/anna/.sdkman/candidates/java/8u131-zulu/jre/lib/sunrsasign.jar:/home/anna/.sdkman/candidates/java/8u131-zulu/jre/lib/jsse.jar:/home/anna/.sdkman/candidates/java/8u131-zulu/jre/lib/jce.jar:/home/anna/.sdkman/candidates/java/8u131-zulu/jre/lib/charsets.jar:/home/anna/.sdkman/candidates/java/8u131-zulu/jre/lib/jfr.jar:/home/anna/.sdkman/candidates/java/8u131-zulu/jre/classes, env.QT4_IM_MODULE=xim, env.XDG_CONFIG_DIRS=/etc/xdg/xdg-ubuntu:/usr/share/upstart/xdg:/etc/xdg, env.XDG_RUNTIME_DIR=/run/user/1000, maven.version=3.5.0, user.country=US, env.INSTANCE=Unity, maven.home=/home/anna/.sdkman/candidates/maven/current, env.SHELL=/bin/bash, java.vendor=Azul Systems, Inc., env.GPG_AGENT_INFO=/home/anna/.gnupg/S.gpg-agent:0:1, java.specification.version=1.8, sun.arch.data.model=64, env.GNOME_DESKTOP_SESSION_ID=this-is-deprecated}
[INFO] Using 'UTF-8' encoding to copy filtered resources.
[DEBUG] resource with targetPath null
directory /home/anna/projects/Tic-Tac-Toe/src/test/resources
excludes []
includes []
[INFO] skip non existing resourceDirectory /home/anna/projects/Tic-Tac-Toe/src/test/resources
[DEBUG] no use filter components
[INFO] 
[INFO] --- maven-compiler-plugin:3.6.1:testCompile (default-testCompile) @ TicTacToe ---
[DEBUG] Configuring mojo org.apache.maven.plugins:maven-compiler-plugin:3.6.1:testCompile from plugin realm ClassRealm[plugin>org.apache.maven.plugins:maven-compiler-plugin:3.6.1, parent: sun.misc.Launcher$AppClassLoader@33909752]
[DEBUG] Configuring mojo 'org.apache.maven.plugins:maven-compiler-plugin:3.6.1:testCompile' with basic configurator -->
[DEBUG]   (f) basedir = /home/anna/projects/Tic-Tac-Toe
[DEBUG]   (f) buildDirectory = /home/anna/projects/Tic-Tac-Toe/target
[DEBUG]   (f) compilePath = [/home/anna/projects/Tic-Tac-Toe/target/classes]
[DEBUG]   (f) compileSourceRoots = [/home/anna/projects/Tic-Tac-Toe/src/test/java]
[DEBUG]   (f) compilerId = javac
[DEBUG]   (f) debug = true
[DEBUG]   (f) encoding = UTF-8
[DEBUG]   (f) failOnError = true
[DEBUG]   (f) failOnWarning = false
[DEBUG]   (f) forceJavacCompilerUse = false
[DEBUG]   (f) fork = false
[DEBUG]   (f) generatedTestSourcesDirectory = /home/anna/projects/Tic-Tac-Toe/target/generated-test-sources/test-annotations
[DEBUG]   (f) mojoExecution = org.apache.maven.plugins:maven-compiler-plugin:3.6.1:testCompile {execution: default-testCompile}
[DEBUG]   (f) optimize = false
[DEBUG]   (f) outputDirectory = /home/anna/projects/Tic-Tac-Toe/target/test-classes
[DEBUG]   (f) project = MavenProject: com.epam.academy:TicTacToe:1.0 @ /home/anna/projects/Tic-Tac-Toe/pom.xml
[DEBUG]   (f) session = org.apache.maven.execution.MavenSession@5ab14cb9
[DEBUG]   (f) showDeprecation = false
[DEBUG]   (f) showWarnings = false
[DEBUG]   (f) skipMultiThreadWarning = false
[DEBUG]   (f) source = 1.8
[DEBUG]   (f) staleMillis = 0
[DEBUG]   (f) target = 1.8
[DEBUG]   (f) testPath = [/home/anna/projects/Tic-Tac-Toe/target/test-classes, /home/anna/projects/Tic-Tac-Toe/target/classes, /home/anna/.m2/repository/org/testng/testng/6.11/testng-6.11.jar, /home/anna/.m2/repository/com/beust/jcommander/1.64/jcommander-1.64.jar, /home/anna/.m2/repository/org/yaml/snakeyaml/1.17/snakeyaml-1.17.jar]
[DEBUG]   (f) useIncrementalCompilation = true
[DEBUG]   (f) verbose = false
[DEBUG] -- end configuration --
[DEBUG] Using compiler 'javac'.
[DEBUG] Adding /home/anna/projects/Tic-Tac-Toe/target/generated-test-sources/test-annotations to test-compile source roots:
  /home/anna/projects/Tic-Tac-Toe/src/test/java
[DEBUG] New test-compile source roots:
  /home/anna/projects/Tic-Tac-Toe/src/test/java
  /home/anna/projects/Tic-Tac-Toe/target/generated-test-sources/test-annotations
[DEBUG] CompilerReuseStrategy: reuseCreated
[DEBUG] useIncrementalCompilation enabled
[INFO] Nothing to compile - all classes are up to date
[INFO] 
[INFO] --- maven-surefire-plugin:2.20:test (default-test) @ TicTacToe ---
[DEBUG] Dependency collection stats: {ConflictMarker.analyzeTime=0, ConflictMarker.markTime=0, ConflictMarker.nodeCount=115, ConflictIdSorter.graphTime=0, ConflictIdSorter.topsortTime=0, ConflictIdSorter.conflictIdCount=35, ConflictIdSorter.conflictIdCycleCount=0, ConflictResolver.totalTime=1, ConflictResolver.conflictItemCount=81, DefaultDependencyCollector.collectTime=53, DefaultDependencyCollector.transformTime=1}
[DEBUG] org.apache.maven.plugins:maven-surefire-plugin:jar:2.20:
[DEBUG]    org.apache.maven:maven-plugin-api:jar:2.2.1:compile
[DEBUG]    org.apache.maven.surefire:maven-surefire-common:jar:2.20:compile
[DEBUG]       org.apache.maven.surefire:surefire-booter:jar:2.20:compile
[DEBUG]       org.apache.maven:maven-artifact:jar:2.2.1:compile
[DEBUG]          org.codehaus.plexus:plexus-utils:jar:1.5.15:compile
[DEBUG]       org.apache.maven:maven-plugin-descriptor:jar:2.2.1:compile
[DEBUG]          org.codehaus.plexus:plexus-container-default:jar:1.0-alpha-9-stable-1:compile
[DEBUG]             junit:junit:jar:4.12:compile
[DEBUG]                org.hamcrest:hamcrest-core:jar:1.3:compile
[DEBUG]       org.apache.maven:maven-project:jar:2.2.1:compile
[DEBUG]          org.apache.maven:maven-settings:jar:2.2.1:compile
[DEBUG]          org.apache.maven:maven-profile:jar:2.2.1:compile
[DEBUG]          org.apache.maven:maven-artifact-manager:jar:2.2.1:compile
[DEBUG]             backport-util-concurrent:backport-util-concurrent:jar:3.1:compile
[DEBUG]          org.apache.maven:maven-plugin-registry:jar:2.2.1:compile
[DEBUG]          org.codehaus.plexus:plexus-interpolation:jar:1.11:compile
[DEBUG]       org.apache.maven:maven-model:jar:2.2.1:compile
[DEBUG]       org.apache.maven:maven-core:jar:2.2.1:compile
[DEBUG]          org.apache.maven:maven-plugin-parameter-documenter:jar:2.2.1:compile
[DEBUG]          org.slf4j:slf4j-jdk14:jar:1.5.6:runtime
[DEBUG]             org.slf4j:slf4j-api:jar:1.5.6:runtime
[DEBUG]          org.slf4j:jcl-over-slf4j:jar:1.5.6:runtime
[DEBUG]          org.apache.maven.reporting:maven-reporting-api:jar:3.0:compile
[DEBUG]          org.apache.maven:maven-repository-metadata:jar:2.2.1:compile
[DEBUG]          org.apache.maven:maven-error-diagnostics:jar:2.2.1:compile
[DEBUG]          org.apache.maven:maven-monitor:jar:2.2.1:compile
[DEBUG]          classworlds:classworlds:jar:1.1:compile
[DEBUG]          org.sonatype.plexus:plexus-sec-dispatcher:jar:1.3:compile
[DEBUG]             org.sonatype.plexus:plexus-cipher:jar:1.4:compile
[DEBUG]       org.apache.commons:commons-lang3:jar:3.1:compile
[DEBUG]    org.apache.maven.surefire:surefire-api:jar:2.20:compile
[DEBUG]       org.apache.maven.surefire:surefire-logger-api:jar:2.20:compile
[DEBUG]    org.apache.maven:maven-toolchain:jar:2.2.1:compile
[DEBUG]    org.apache.maven.plugin-tools:maven-plugin-annotations:jar:3.3:compile
[DEBUG] Created new class realm plugin>org.apache.maven.plugins:maven-surefire-plugin:2.20
[DEBUG] Importing foreign packages into class realm plugin>org.apache.maven.plugins:maven-surefire-plugin:2.20
[DEBUG]   Imported:  < maven.api
[DEBUG] Populating class realm plugin>org.apache.maven.plugins:maven-surefire-plugin:2.20
[DEBUG]   Included: org.apache.maven.plugins:maven-surefire-plugin:jar:2.20
[DEBUG]   Included: org.apache.maven.surefire:maven-surefire-common:jar:2.20
[DEBUG]   Included: org.apache.maven.surefire:surefire-booter:jar:2.20
[DEBUG]   Included: org.codehaus.plexus:plexus-utils:jar:1.5.15
[DEBUG]   Included: junit:junit:jar:4.12
[DEBUG]   Included: org.hamcrest:hamcrest-core:jar:1.3
[DEBUG]   Included: backport-util-concurrent:backport-util-concurrent:jar:3.1
[DEBUG]   Included: org.codehaus.plexus:plexus-interpolation:jar:1.11
[DEBUG]   Included: org.slf4j:slf4j-jdk14:jar:1.5.6
[DEBUG]   Included: org.slf4j:jcl-over-slf4j:jar:1.5.6
[DEBUG]   Included: org.apache.maven.reporting:maven-reporting-api:jar:3.0
[DEBUG]   Included: org.sonatype.plexus:plexus-sec-dispatcher:jar:1.3
[DEBUG]   Included: org.sonatype.plexus:plexus-cipher:jar:1.4
[DEBUG]   Included: org.apache.commons:commons-lang3:jar:3.1
[DEBUG]   Included: org.apache.maven.surefire:surefire-api:jar:2.20
[DEBUG]   Included: org.apache.maven.surefire:surefire-logger-api:jar:2.20
[DEBUG]   Included: org.apache.maven.plugin-tools:maven-plugin-annotations:jar:3.3
[DEBUG] Configuring mojo org.apache.maven.plugins:maven-surefire-plugin:2.20:test from plugin realm ClassRealm[plugin>org.apache.maven.plugins:maven-surefire-plugin:2.20, parent: sun.misc.Launcher$AppClassLoader@33909752]
[DEBUG] Configuring mojo 'org.apache.maven.plugins:maven-surefire-plugin:2.20:test' with basic configurator -->
[DEBUG]   (s) additionalClasspathElements = []
[DEBUG]   (s) basedir = /home/anna/projects/Tic-Tac-Toe
[DEBUG]   (s) childDelegation = false
[DEBUG]   (s) classesDirectory = /home/anna/projects/Tic-Tac-Toe/target/classes
[DEBUG]   (s) classpathDependencyExcludes = []
[DEBUG]   (s) dependenciesToScan = []
[DEBUG]   (s) disableXmlReport = false
[DEBUG]   (s) enableAssertions = true
[DEBUG]   (f) forkCount = 1
[DEBUG]   (s) forkMode = once
[DEBUG]   (s) forkedProcessExitTimeoutInSeconds = 30
[DEBUG]   (s) groups = 3x3board
[DEBUG]   (s) junitArtifactName = junit:junit
[DEBUG]   (s) localRepository =       id: local
      url: file:///home/anna/.m2/repository/
   layout: default
snapshots: [enabled => true, update => always]
 releases: [enabled => true, update => always]

[DEBUG]   (f) parallelMavenExecution = false
[DEBUG]   (s) parallelOptimized = true
[DEBUG]   (s) perCoreThreadCount = true
[DEBUG]   (s) pluginArtifactMap = {org.apache.maven.plugins:maven-surefire-plugin=org.apache.maven.plugins:maven-surefire-plugin:maven-plugin:2.20:, org.apache.maven:maven-plugin-api=org.apache.maven:maven-plugin-api:jar:2.2.1:compile, org.apache.maven.surefire:maven-surefire-common=org.apache.maven.surefire:maven-surefire-common:jar:2.20:compile, org.apache.maven.surefire:surefire-booter=org.apache.maven.surefire:surefire-booter:jar:2.20:compile, org.apache.maven:maven-artifact=org.apache.maven:maven-artifact:jar:2.2.1:compile, org.codehaus.plexus:plexus-utils=org.codehaus.plexus:plexus-utils:jar:1.5.15:compile, org.apache.maven:maven-plugin-descriptor=org.apache.maven:maven-plugin-descriptor:jar:2.2.1:compile, org.codehaus.plexus:plexus-container-default=org.codehaus.plexus:plexus-container-default:jar:1.0-alpha-9-stable-1:compile, junit:junit=junit:junit:jar:4.12:compile, org.hamcrest:hamcrest-core=org.hamcrest:hamcrest-core:jar:1.3:compile, org.apache.maven:maven-project=org.apache.maven:maven-project:jar:2.2.1:compile, org.apache.maven:maven-settings=org.apache.maven:maven-settings:jar:2.2.1:compile, org.apache.maven:maven-profile=org.apache.maven:maven-profile:jar:2.2.1:compile, org.apache.maven:maven-artifact-manager=org.apache.maven:maven-artifact-manager:jar:2.2.1:compile, backport-util-concurrent:backport-util-concurrent=backport-util-concurrent:backport-util-concurrent:jar:3.1:compile, org.apache.maven:maven-plugin-registry=org.apache.maven:maven-plugin-registry:jar:2.2.1:compile, org.codehaus.plexus:plexus-interpolation=org.codehaus.plexus:plexus-interpolation:jar:1.11:compile, org.apache.maven:maven-model=org.apache.maven:maven-model:jar:2.2.1:compile, org.apache.maven:maven-core=org.apache.maven:maven-core:jar:2.2.1:compile, org.apache.maven:maven-plugin-parameter-documenter=org.apache.maven:maven-plugin-parameter-documenter:jar:2.2.1:compile, org.slf4j:slf4j-jdk14=org.slf4j:slf4j-jdk14:jar:1.5.6:runtime, org.slf4j:slf4j-api=org.slf4j:slf4j-api:jar:1.5.6:runtime, org.slf4j:jcl-over-slf4j=org.slf4j:jcl-over-slf4j:jar:1.5.6:runtime, org.apache.maven.reporting:maven-reporting-api=org.apache.maven.reporting:maven-reporting-api:jar:3.0:compile, org.apache.maven:maven-repository-metadata=org.apache.maven:maven-repository-metadata:jar:2.2.1:compile, org.apache.maven:maven-error-diagnostics=org.apache.maven:maven-error-diagnostics:jar:2.2.1:compile, org.apache.maven:maven-monitor=org.apache.maven:maven-monitor:jar:2.2.1:compile, classworlds:classworlds=classworlds:classworlds:jar:1.1:compile, org.sonatype.plexus:plexus-sec-dispatcher=org.sonatype.plexus:plexus-sec-dispatcher:jar:1.3:compile, org.sonatype.plexus:plexus-cipher=org.sonatype.plexus:plexus-cipher:jar:1.4:compile, org.apache.commons:commons-lang3=org.apache.commons:commons-lang3:jar:3.1:compile, org.apache.maven.surefire:surefire-api=org.apache.maven.surefire:surefire-api:jar:2.20:compile, org.apache.maven.surefire:surefire-logger-api=org.apache.maven.surefire:surefire-logger-api:jar:2.20:compile, org.apache.maven:maven-toolchain=org.apache.maven:maven-toolchain:jar:2.2.1:compile, org.apache.maven.plugin-tools:maven-plugin-annotations=org.apache.maven.plugin-tools:maven-plugin-annotations:jar:3.3:compile}
[DEBUG]   (f) pluginDescriptor = Component Descriptor: role: 'org.apache.maven.plugin.Mojo', implementation: 'org.apache.maven.plugin.surefire.HelpMojo', role hint: 'org.apache.maven.plugins:maven-surefire-plugin:2.20:help'
role: 'org.apache.maven.plugin.Mojo', implementation: 'org.apache.maven.plugin.surefire.SurefirePlugin', role hint: 'org.apache.maven.plugins:maven-surefire-plugin:2.20:test'
---
[DEBUG]   (s) printSummary = true
[DEBUG]   (s) projectArtifactMap = {org.testng:testng=org.testng:testng:jar:6.11:test, com.beust:jcommander=com.beust:jcommander:jar:1.64:test, org.yaml:snakeyaml=org.yaml:snakeyaml:jar:1.17:test}
[DEBUG]   (s) projectBuildDirectory = /home/anna/projects/Tic-Tac-Toe/target
[DEBUG]   (s) redirectTestOutputToFile = false
[DEBUG]   (s) remoteRepositories = [      id: central
      url: https://repo.maven.apache.org/maven2
   layout: default
snapshots: [enabled => false, update => daily]
 releases: [enabled => true, update => never]
]
[DEBUG]   (s) reportFormat = brief
[DEBUG]   (s) reportsDirectory = /home/anna/projects/Tic-Tac-Toe/target/surefire-reports
[DEBUG]   (f) rerunFailingTestsCount = 0
[DEBUG]   (f) reuseForks = true
[DEBUG]   (s) runOrder = filesystem
[DEBUG]   (f) shutdown = testset
[DEBUG]   (s) skip = false
[DEBUG]   (f) skipAfterFailureCount = 0
[DEBUG]   (s) skipTests = false
[DEBUG]   (s) suiteXmlFiles = []
[DEBUG]   (s) tempDir = surefire
[DEBUG]   (s) testClassesDirectory = /home/anna/projects/Tic-Tac-Toe/target/test-classes
[DEBUG]   (s) testFailureIgnore = false
[DEBUG]   (s) testNGArtifactName = org.testng:testng
[DEBUG]   (s) testSourceDirectory = /home/anna/projects/Tic-Tac-Toe/src/test/java
[DEBUG]   (s) threadCountClasses = 0
[DEBUG]   (s) threadCountMethods = 0
[DEBUG]   (s) threadCountSuites = 0
[DEBUG]   (s) trimStackTrace = true
[DEBUG]   (s) useFile = true
[DEBUG]   (s) useManifestOnlyJar = true
[DEBUG]   (s) useSystemClassLoader = true
[DEBUG]   (s) useUnlimitedThreads = false
[DEBUG]   (s) workingDirectory = /home/anna/projects/Tic-Tac-Toe
[DEBUG]   (s) project = MavenProject: com.epam.academy:TicTacToe:1.0 @ /home/anna/projects/Tic-Tac-Toe/pom.xml
[DEBUG]   (s) session = org.apache.maven.execution.MavenSession@5ab14cb9
[DEBUG] -- end configuration --
[DEBUG] Surefire report directory: /home/anna/projects/Tic-Tac-Toe/target/surefire-reports
[DEBUG] Setting system property [user.dir]=[/home/anna/projects/Tic-Tac-Toe]
[DEBUG] Setting system property [localRepository]=[/home/anna/.m2/repository]
[DEBUG] Setting system property [basedir]=[/home/anna/projects/Tic-Tac-Toe]
[DEBUG] dummy:dummy:jar:1.0 (selected for null)
[DEBUG]   org.apache.maven.surefire:surefire-booter:jar:2.20:compile (selected for compile)
[DEBUG]     org.apache.maven.surefire:surefire-api:jar:2.20:compile (selected for compile)
[DEBUG]       org.apache.maven.surefire:surefire-logger-api:jar:2.20:compile (selected for compile)
[DEBUG] Adding to surefire booter test classpath: /home/anna/.m2/repository/org/apache/maven/surefire/surefire-booter/2.20/surefire-booter-2.20.jar Scope: compile
[DEBUG] Adding to surefire booter test classpath: /home/anna/.m2/repository/org/apache/maven/surefire/surefire-api/2.20/surefire-api-2.20.jar Scope: compile
[DEBUG] Adding to surefire booter test classpath: /home/anna/.m2/repository/org/apache/maven/surefire/surefire-logger-api/2.20/surefire-logger-api-2.20.jar Scope: compile
[DEBUG] Using JVM: /home/anna/.sdkman/candidates/java/8u131-zulu/jre/bin/java
[DEBUG] dummy:dummy:jar:1.0 (selected for null)
[DEBUG]   org.apache.maven.surefire:surefire-testng:jar:2.20:test (selected for test)
[DEBUG]     org.apache.maven.surefire:common-java5:jar:2.20:test (selected for test)
[DEBUG]       org.apache.maven.surefire:surefire-api:jar:2.20:test (selected for test)
[DEBUG]         org.apache.maven.surefire:surefire-logger-api:jar:2.20:test (selected for test)
[DEBUG]     org.apache.maven.surefire:surefire-testng-utils:jar:2.20:test (selected for test)
[DEBUG]       org.apache.maven.surefire:surefire-grouper:jar:2.20:test (selected for test)
[DEBUG]     org.apache.maven.surefire:surefire-api:jar:2.20:test (selected for test)
[DEBUG]       org.apache.maven.surefire:surefire-logger-api:jar:2.20:test (selected for test)
[DEBUG] Adding to surefire test classpath: /home/anna/.m2/repository/org/apache/maven/surefire/surefire-testng/2.20/surefire-testng-2.20.jar Scope: test
[DEBUG] Adding to surefire test classpath: /home/anna/.m2/repository/org/apache/maven/surefire/common-java5/2.20/common-java5-2.20.jar Scope: test
[DEBUG] Adding to surefire test classpath: /home/anna/.m2/repository/org/apache/maven/surefire/surefire-api/2.20/surefire-api-2.20.jar Scope: test
[DEBUG] Adding to surefire test classpath: /home/anna/.m2/repository/org/apache/maven/surefire/surefire-logger-api/2.20/surefire-logger-api-2.20.jar Scope: test
[DEBUG] Adding to surefire test classpath: /home/anna/.m2/repository/org/apache/maven/surefire/surefire-testng-utils/2.20/surefire-testng-utils-2.20.jar Scope: test
[DEBUG] Adding to surefire test classpath: /home/anna/.m2/repository/org/apache/maven/surefire/surefire-grouper/2.20/surefire-grouper-2.20.jar Scope: test
[DEBUG] test classpath:  /home/anna/projects/Tic-Tac-Toe/target/test-classes  /home/anna/projects/Tic-Tac-Toe/target/classes  /home/anna/.m2/repository/org/testng/testng/6.11/testng-6.11.jar  /home/anna/.m2/repository/com/beust/jcommander/1.64/jcommander-1.64.jar  /home/anna/.m2/repository/org/yaml/snakeyaml/1.17/snakeyaml-1.17.jar  /home/anna/.m2/repository/org/apache/maven/surefire/surefire-testng-utils/2.20/surefire-testng-utils-2.20.jar  /home/anna/.m2/repository/org/apache/maven/surefire/surefire-grouper/2.20/surefire-grouper-2.20.jar
[DEBUG] provider classpath:  /home/anna/.m2/repository/org/apache/maven/surefire/surefire-testng/2.20/surefire-testng-2.20.jar  /home/anna/.m2/repository/org/apache/maven/surefire/common-java5/2.20/common-java5-2.20.jar  /home/anna/.m2/repository/org/apache/maven/surefire/surefire-api/2.20/surefire-api-2.20.jar  /home/anna/.m2/repository/org/apache/maven/surefire/surefire-logger-api/2.20/surefire-logger-api-2.20.jar  /home/anna/.m2/repository/org/apache/maven/surefire/surefire-testng-utils/2.20/surefire-testng-utils-2.20.jar  /home/anna/.m2/repository/org/apache/maven/surefire/surefire-grouper/2.20/surefire-grouper-2.20.jar
[DEBUG] test(compact) classpath:  test-classes  classes  testng-6.11.jar  jcommander-1.64.jar  snakeyaml-1.17.jar  surefire-testng-utils-2.20.jar  surefire-grouper-2.20.jar
[DEBUG] provider(compact) classpath:  surefire-testng-2.20.jar  common-java5-2.20.jar  surefire-api-2.20.jar  surefire-logger-api-2.20.jar  surefire-testng-utils-2.20.jar  surefire-grouper-2.20.jar
[INFO] 
[INFO] -------------------------------------------------------
[INFO]  T E S T S
[INFO] -------------------------------------------------------
[DEBUG] boot classpath:  /home/anna/.m2/repository/org/apache/maven/surefire/surefire-booter/2.20/surefire-booter-2.20.jar  /home/anna/.m2/repository/org/apache/maven/surefire/surefire-api/2.20/surefire-api-2.20.jar  /home/anna/.m2/repository/org/apache/maven/surefire/surefire-logger-api/2.20/surefire-logger-api-2.20.jar  /home/anna/projects/Tic-Tac-Toe/target/test-classes  /home/anna/projects/Tic-Tac-Toe/target/classes  /home/anna/.m2/repository/org/testng/testng/6.11/testng-6.11.jar  /home/anna/.m2/repository/com/beust/jcommander/1.64/jcommander-1.64.jar  /home/anna/.m2/repository/org/yaml/snakeyaml/1.17/snakeyaml-1.17.jar  /home/anna/.m2/repository/org/apache/maven/surefire/surefire-testng-utils/2.20/surefire-testng-utils-2.20.jar  /home/anna/.m2/repository/org/apache/maven/surefire/surefire-grouper/2.20/surefire-grouper-2.20.jar  /home/anna/.m2/repository/org/apache/maven/surefire/surefire-testng/2.20/surefire-testng-2.20.jar  /home/anna/.m2/repository/org/apache/maven/surefire/common-java5/2.20/common-java5-2.20.jar
[DEBUG] boot(compact) classpath:  surefire-booter-2.20.jar  surefire-api-2.20.jar  surefire-logger-api-2.20.jar  test-classes  classes  testng-6.11.jar  jcommander-1.64.jar  snakeyaml-1.17.jar  surefire-testng-utils-2.20.jar  surefire-grouper-2.20.jar  surefire-testng-2.20.jar  common-java5-2.20.jar
[DEBUG] Forking command line: /bin/sh -c cd /home/anna/projects/Tic-Tac-Toe && /home/anna/.sdkman/candidates/java/8u131-zulu/jre/bin/java -jar /home/anna/projects/Tic-Tac-Toe/target/surefire/surefirebooter7855102014397175110.jar /home/anna/projects/Tic-Tac-Toe/target/surefire 2017-07-07T08-19-28_682-jvmRun1 surefire8349465767155001401tmp surefire_05738695104432057462tmp
[INFO] Running TestSuite
Configuring TestNG with: TestNG60Configurator
[ERROR] Tests run: 9, Failures: 9, Errors: 0, Skipped: 0, Time elapsed: 0.34 s <<< FAILURE! - in TestSuite
[ERROR] shouldFindColumnWinnerWithEmptyFieldsOnBoard(pl.javaacademy.tictactoe.game.WinnerCheckerTest)  Time elapsed: 0.006 s  <<< FAILURE!
java.lang.NullPointerException
	at pl.javaacademy.tictactoe.game.WinnerCheckerTest.shouldFindColumnWinnerWithEmptyFieldsOnBoard(WinnerCheckerTest.java:172)

[ERROR] shouldFindNoWinnerForEmptyBoard(pl.javaacademy.tictactoe.game.WinnerCheckerTest)  Time elapsed: 0 s  <<< FAILURE!
java.lang.NullPointerException
	at pl.javaacademy.tictactoe.game.WinnerCheckerTest.shouldFindNoWinnerForEmptyBoard(WinnerCheckerTest.java:70)

[ERROR] shouldFindNoWinnerInFilledBoard(pl.javaacademy.tictactoe.game.WinnerCheckerTest)  Time elapsed: 0 s  <<< FAILURE!
java.lang.NullPointerException
	at pl.javaacademy.tictactoe.game.WinnerCheckerTest.shouldFindNoWinnerInFilledBoard(WinnerCheckerTest.java:194)

[ERROR] shouldFindWinnerInFirstColumn(pl.javaacademy.tictactoe.game.WinnerCheckerTest)  Time elapsed: 0 s  <<< FAILURE!
java.lang.NullPointerException
	at pl.javaacademy.tictactoe.game.WinnerCheckerTest.shouldFindWinnerInFirstColumn(WinnerCheckerTest.java:102)

[ERROR] shouldFindWinnerInFirstRow(pl.javaacademy.tictactoe.game.WinnerCheckerTest)  Time elapsed: 0 s  <<< FAILURE!
java.lang.NullPointerException
	at pl.javaacademy.tictactoe.game.WinnerCheckerTest.shouldFindWinnerInFirstRow(WinnerCheckerTest.java:86)

[ERROR] shouldFindWinnerInSecondColumn(pl.javaacademy.tictactoe.game.WinnerCheckerTest)  Time elapsed: 0 s  <<< FAILURE!
java.lang.NullPointerException
	at pl.javaacademy.tictactoe.game.WinnerCheckerTest.shouldFindWinnerInSecondColumn(WinnerCheckerTest.java:140)

[ERROR] shouldFindWinnerInSecondRow(pl.javaacademy.tictactoe.game.WinnerCheckerTest)  Time elapsed: 0 s  <<< FAILURE!
java.lang.NullPointerException
	at pl.javaacademy.tictactoe.game.WinnerCheckerTest.shouldFindWinnerInSecondRow(WinnerCheckerTest.java:121)

[ERROR] shouldFindWinnerWithEmptyFieldsOnBoard(pl.javaacademy.tictactoe.game.WinnerCheckerTest)  Time elapsed: 0 s  <<< FAILURE!
java.lang.NullPointerException
	at pl.javaacademy.tictactoe.game.WinnerCheckerTest.shouldFindWinnerWithEmptyFieldsOnBoard(WinnerCheckerTest.java:156)

[ERROR] shouldReturnWinningMarkDiagonalCase(pl.javaacademy.tictactoe.game.WinnerCheckerTest)  Time elapsed: 0 s  <<< FAILURE!
java.lang.NullPointerException
	at pl.javaacademy.tictactoe.game.WinnerCheckerTest.shouldReturnWinningMarkDiagonalCase(WinnerCheckerTest.java:206)

[INFO] 
[INFO] Results:
[INFO] 
[ERROR] Failures: 
[ERROR]   WinnerCheckerTest.shouldFindColumnWinnerWithEmptyFieldsOnBoard:172 NullPointer
[ERROR]   WinnerCheckerTest.shouldFindNoWinnerForEmptyBoard:70 NullPointer
[ERROR]   WinnerCheckerTest.shouldFindNoWinnerInFilledBoard:194 NullPointer
[ERROR]   WinnerCheckerTest.shouldFindWinnerInFirstColumn:102 NullPointer
[ERROR]   WinnerCheckerTest.shouldFindWinnerInFirstRow:86 NullPointer
[ERROR]   WinnerCheckerTest.shouldFindWinnerInSecondColumn:140 NullPointer
[ERROR]   WinnerCheckerTest.shouldFindWinnerInSecondRow:121 NullPointer
[ERROR]   WinnerCheckerTest.shouldFindWinnerWithEmptyFieldsOnBoard:156 NullPointer
[ERROR]   WinnerCheckerTest.shouldReturnWinningMarkDiagonalCase:206 NullPointer
[INFO] 
[ERROR] Tests run: 9, Failures: 9, Errors: 0, Skipped: 0
[INFO] 
[INFO] ------------------------------------------------------------------------
[INFO] BUILD FAILURE
[INFO] ------------------------------------------------------------------------
[INFO] Total time: 1.732 s
[INFO] Finished at: 2017-07-07T08:19:29+02:00
[INFO] Final Memory: 12M/249M
[INFO] ------------------------------------------------------------------------
[ERROR] Failed to execute goal org.apache.maven.plugins:maven-surefire-plugin:2.20:test (default-test) on project TicTacToe: There are test failures.
[ERROR] 
[ERROR] Please refer to /home/anna/projects/Tic-Tac-Toe/target/surefire-reports for the individual test results.
[ERROR] Please refer to dump files (if any exist) [date]-jvmRun[N].dump, [date].dumpstream and [date]-jvmRun[N].dumpstream.
[ERROR] -> [Help 1]
org.apache.maven.lifecycle.LifecycleExecutionException: Failed to execute goal org.apache.maven.plugins:maven-surefire-plugin:2.20:test (default-test) on project TicTacToe: There are test failures.

Please refer to /home/anna/projects/Tic-Tac-Toe/target/surefire-reports for the individual test results.
Please refer to dump files (if any exist) [date]-jvmRun[N].dump, [date].dumpstream and [date]-jvmRun[N].dumpstream.
	at org.apache.maven.lifecycle.internal.MojoExecutor.execute(MojoExecutor.java:213)
	at org.apache.maven.lifecycle.internal.MojoExecutor.execute(MojoExecutor.java:154)
	at org.apache.maven.lifecycle.internal.MojoExecutor.execute(MojoExecutor.java:146)
	at org.apache.maven.lifecycle.internal.LifecycleModuleBuilder.buildProject(LifecycleModuleBuilder.java:117)
	at org.apache.maven.lifecycle.internal.LifecycleModuleBuilder.buildProject(LifecycleModuleBuilder.java:81)
	at org.apache.maven.lifecycle.internal.builder.singlethreaded.SingleThreadedBuilder.build(SingleThreadedBuilder.java:51)
	at org.apache.maven.lifecycle.internal.LifecycleStarter.execute(LifecycleStarter.java:128)
	at org.apache.maven.DefaultMaven.doExecute(DefaultMaven.java:309)
	at org.apache.maven.DefaultMaven.doExecute(DefaultMaven.java:194)
	at org.apache.maven.DefaultMaven.execute(DefaultMaven.java:107)
	at org.apache.maven.cli.MavenCli.execute(MavenCli.java:993)
	at org.apache.maven.cli.MavenCli.doMain(MavenCli.java:345)
	at org.apache.maven.cli.MavenCli.main(MavenCli.java:191)
	at sun.reflect.NativeMethodAccessorImpl.invoke0(Native Method)
	at sun.reflect.NativeMethodAccessorImpl.invoke(NativeMethodAccessorImpl.java:62)
	at sun.reflect.DelegatingMethodAccessorImpl.invoke(DelegatingMethodAccessorImpl.java:43)
	at java.lang.reflect.Method.invoke(Method.java:498)
	at org.codehaus.plexus.classworlds.launcher.Launcher.launchEnhanced(Launcher.java:289)
	at org.codehaus.plexus.classworlds.launcher.Launcher.launch(Launcher.java:229)
	at org.codehaus.plexus.classworlds.launcher.Launcher.mainWithExitCode(Launcher.java:415)
	at org.codehaus.plexus.classworlds.launcher.Launcher.main(Launcher.java:356)
Caused by: org.apache.maven.plugin.MojoFailureException: There are test failures.

Please refer to /home/anna/projects/Tic-Tac-Toe/target/surefire-reports for the individual test results.
Please refer to dump files (if any exist) [date]-jvmRun[N].dump, [date].dumpstream and [date]-jvmRun[N].dumpstream.
	at org.apache.maven.plugin.surefire.SurefireHelper.throwException(SurefireHelper.java:204)
	at org.apache.maven.plugin.surefire.SurefireHelper.reportExecution(SurefireHelper.java:98)
	at org.apache.maven.plugin.surefire.SurefirePlugin.handleSummary(SurefirePlugin.java:334)
	at org.apache.maven.plugin.surefire.AbstractSurefireMojo.executeAfterPreconditionsChecked(AbstractSurefireMojo.java:937)
	at org.apache.maven.plugin.surefire.AbstractSurefireMojo.execute(AbstractSurefireMojo.java:785)
	at org.apache.maven.plugin.DefaultBuildPluginManager.executeMojo(DefaultBuildPluginManager.java:134)
	at org.apache.maven.lifecycle.internal.MojoExecutor.execute(MojoExecutor.java:208)
	... 20 more
[ERROR] 
[ERROR] 
[ERROR] For more information about the errors and possible solutions, please read the following articles:
[ERROR] [Help 1] http://cwiki.apache.org/confluence/display/MAVEN/MojoFailureException
